Using pre-set license
Built from '2020.3/release' branch; Version is '2020.3.7f1 (dd97f2c94397) revision 14522354'; Using compiler version '192528614'; Build Type 'Release'
OS: 'Windows 10 Home; OS build 19041.1052; Version 2004; 64bit' Language: 'ko' Physical Memory: 16299 MB
BatchMode: 1, IsHumanControllingUs: 0, StartBugReporterOnCrash: 0, Is64bit: 1, IsPro: 0

 COMMAND LINE ARGUMENTS:
C:\Program Files\Unity\2020.3.7f1\Editor\Unity.exe
-adb2
-batchMode
-noUpm
-name
AssetImportWorker0
-projectPath
C:/Users/arack/Desktop/School/sdp2021_GG161001
-logFile
Logs/AssetImportWorker0.log
-srvPort
53567
Successfully changed project path to: C:/Users/arack/Desktop/School/sdp2021_GG161001
C:/Users/arack/Desktop/School/sdp2021_GG161001
Using Asset Import Pipeline V2.
Refreshing native plugins compatible for Editor in 53.72 ms, found 1 plugins.
Preloading 0 native plugins for Editor in 0.00 ms.
Initialize engine version: 2020.3.7f1 (dd97f2c94397)
[Subsystems] Discovering subsystems at path C:/Program Files/Unity/2020.3.7f1/Editor/Data/Resources/UnitySubsystems
[Subsystems] Discovering subsystems at path C:/Users/arack/Desktop/School/sdp2021_GG161001/Assets
GfxDevice: creating device client; threaded=0
Direct3D:
    Version:  Direct3D 11.0 [level 11.1]
    Renderer: NVIDIA GeForce GTX 1060 (ID=0x1c20)
    Vendor:   
    VRAM:     6052 MB
    Driver:   24.21.13.9907
Initialize mono
Mono path[0] = 'C:/Program Files/Unity/2020.3.7f1/Editor/Data/Managed'
Mono path[1] = 'C:/Program Files/Unity/2020.3.7f1/Editor/Data/MonoBleedingEdge/lib/mono/unityjit'
Mono config path = 'C:/Program Files/Unity/2020.3.7f1/Editor/Data/MonoBleedingEdge/etc'
Using monoOptions --debugger-agent=transport=dt_socket,embedding=1,server=y,suspend=n,address=127.0.0.1:56784
Begin MonoManager ReloadAssembly
Registering precompiled unity dll's ...
Register platform support module: C:/Program Files/Unity/2020.3.7f1/Editor/Data/PlaybackEngines/WindowsStandaloneSupport/UnityEditor.WindowsStandalone.Extensions.dll
Registered in 0.004760 seconds.
Native extension for WindowsStandalone target not found
Refreshing native plugins compatible for Editor in 55.82 ms, found 1 plugins.
Preloading 0 native plugins for Editor in 0.00 ms.
Mono: successfully reloaded assembly
- Completed reload, in  4.084 seconds
Platform modules already initialized, skipping
Registering precompiled user dll's ...
Registered in 0.002737 seconds.
Begin MonoManager ReloadAssembly
Native extension for WindowsStandalone target not found
Refreshing native plugins compatible for Editor in 48.55 ms, found 1 plugins.
Preloading 0 native plugins for Editor in 0.00 ms.
Mono: successfully reloaded assembly
- Completed reload, in  1.527 seconds
Platform modules already initialized, skipping
========================================================================
Worker process is ready to serve import requests
Launched and connected shader compiler UnityShaderCompiler.exe after 0.15 seconds
Refreshing native plugins compatible for Editor in 0.34 ms, found 1 plugins.
Preloading 0 native plugins for Editor in 0.00 ms.
Unloading 1833 Unused Serialized files (Serialized files now loaded: 0)
System memory in use before: 88.1 MB.
System memory in use after: 88.0 MB.

Unloading 24 unused Assets to reduce memory usage. Loaded Objects now: 2278.
Total: 3.678400 ms (FindLiveObjects: 0.452500 ms CreateObjectMapping: 0.337500 ms MarkObjects: 2.740700 ms  DeleteObjects: 0.145600 ms)

========================================================================
Received Import Request.
  path: Assets/Script/Bullet/Bul_Player.cs
  artifactKey: Guid(b3dcef003f41a49488cc9ba0c3ac199a) Importer(815301076,1909f56bfc062723c751e8b465ee728b)
Start importing Assets/Script/Bullet/Bul_Player.cs using Guid(b3dcef003f41a49488cc9ba0c3ac199a) Importer(815301076,1909f56bfc062723c751e8b465ee728b)  -> (artifact id: 'b914811ec04463ecedeb4d6ef9e7052e') in 0.058124 seconds
  Import took 0.062873 seconds .

========================================================================
Received Prepare
Registering precompiled user dll's ...
Registered in 0.004400 seconds.
Begin MonoManager ReloadAssembly
Native extension for WindowsStandalone target not found
Refreshing native plugins compatible for Editor in 0.45 ms, found 1 plugins.
Preloading 0 native plugins for Editor in 0.00 ms.
Mono: successfully reloaded assembly
- Completed reload, in  2.054 seconds
Platform modules already initialized, skipping
Refreshing native plugins compatible for Editor in 0.53 ms, found 1 plugins.
Preloading 0 native plugins for Editor in 0.00 ms.
Unloading 1828 Unused Serialized files (Serialized files now loaded: 0)
System memory in use before: 88.0 MB.
System memory in use after: 88.0 MB.

Unloading 12 unused Assets to reduce memory usage. Loaded Objects now: 2282.
Total: 5.675300 ms (FindLiveObjects: 1.407400 ms CreateObjectMapping: 0.360200 ms MarkObjects: 3.524600 ms  DeleteObjects: 0.380300 ms)

========================================================================
Received Prepare
Registering precompiled user dll's ...
Registered in 0.002319 seconds.
Begin MonoManager ReloadAssembly
Native extension for WindowsStandalone target not found
Refreshing native plugins compatible for Editor in 0.46 ms, found 1 plugins.
Preloading 0 native plugins for Editor in 0.00 ms.
Mono: successfully reloaded assembly
- Completed reload, in  1.682 seconds
Platform modules already initialized, skipping
Refreshing native plugins compatible for Editor in 0.39 ms, found 1 plugins.
Preloading 0 native plugins for Editor in 0.00 ms.
Unloading 1828 Unused Serialized files (Serialized files now loaded: 0)
System memory in use before: 88.1 MB.
System memory in use after: 88.0 MB.

Unloading 12 unused Assets to reduce memory usage. Loaded Objects now: 2286.
Total: 2.791000 ms (FindLiveObjects: 0.350800 ms CreateObjectMapping: 0.129600 ms MarkObjects: 2.172800 ms  DeleteObjects: 0.136300 ms)

========================================================================
Received Import Request.
  Time since last request: 471.813900 seconds.
  path: Assets/Script/Design Pattern/ObjectPool Pattern/ObjectPool.cs
  artifactKey: Guid(dfa6c6bef9e00f246abbc607a4b8f5b2) Importer(815301076,1909f56bfc062723c751e8b465ee728b)
Start importing Assets/Script/Design Pattern/ObjectPool Pattern/ObjectPool.cs using Guid(dfa6c6bef9e00f246abbc607a4b8f5b2) Importer(815301076,1909f56bfc062723c751e8b465ee728b)  -> (artifact id: '159a1b44d9b353ddedbb58132654dc23') in 0.016737 seconds
  Import took 0.022322 seconds .

========================================================================
Received Prepare
Registering precompiled user dll's ...
Registered in 0.003701 seconds.
Begin MonoManager ReloadAssembly
Native extension for WindowsStandalone target not found
Refreshing native plugins compatible for Editor in 0.47 ms, found 1 plugins.
Preloading 0 native plugins for Editor in 0.00 ms.
Mono: successfully reloaded assembly
- Completed reload, in  1.712 seconds
Platform modules already initialized, skipping
Refreshing native plugins compatible for Editor in 0.79 ms, found 1 plugins.
Preloading 0 native plugins for Editor in 0.00 ms.
Unloading 1828 Unused Serialized files (Serialized files now loaded: 0)
System memory in use before: 88.1 MB.
System memory in use after: 88.1 MB.

Unloading 12 unused Assets to reduce memory usage. Loaded Objects now: 2290.
Total: 4.381900 ms (FindLiveObjects: 0.268500 ms CreateObjectMapping: 0.112200 ms MarkObjects: 3.869500 ms  DeleteObjects: 0.129400 ms)

========================================================================
Received Prepare
Registering precompiled user dll's ...
Registered in 0.002854 seconds.
Begin MonoManager ReloadAssembly
Native extension for WindowsStandalone target not found
Refreshing native plugins compatible for Editor in 0.67 ms, found 1 plugins.
Preloading 0 native plugins for Editor in 0.00 ms.
Mono: successfully reloaded assembly
- Completed reload, in  1.676 seconds
Platform modules already initialized, skipping
Refreshing native plugins compatible for Editor in 0.38 ms, found 1 plugins.
Preloading 0 native plugins for Editor in 0.00 ms.
Unloading 1828 Unused Serialized files (Serialized files now loaded: 0)
System memory in use before: 88.1 MB.
System memory in use after: 88.1 MB.

Unloading 12 unused Assets to reduce memory usage. Loaded Objects now: 2294.
Total: 2.632200 ms (FindLiveObjects: 0.264200 ms CreateObjectMapping: 0.109100 ms MarkObjects: 2.082100 ms  DeleteObjects: 0.174900 ms)

========================================================================
Received Prepare
Registering precompiled user dll's ...
Registered in 0.004771 seconds.
Begin MonoManager ReloadAssembly
Native extension for WindowsStandalone target not found
Refreshing native plugins compatible for Editor in 0.46 ms, found 1 plugins.
Preloading 0 native plugins for Editor in 0.00 ms.
Mono: successfully reloaded assembly
- Completed reload, in  2.691 seconds
Platform modules already initialized, skipping
Refreshing native plugins compatible for Editor in 1.76 ms, found 1 plugins.
Preloading 0 native plugins for Editor in 0.00 ms.
Unloading 1828 Unused Serialized files (Serialized files now loaded: 0)
System memory in use before: 88.1 MB.
System memory in use after: 88.1 MB.

Unloading 12 unused Assets to reduce memory usage. Loaded Objects now: 2298.
Total: 4.393900 ms (FindLiveObjects: 0.483800 ms CreateObjectMapping: 0.428700 ms MarkObjects: 3.347100 ms  DeleteObjects: 0.132400 ms)

========================================================================
Received Prepare
Refreshing native plugins compatible for Editor in 10.11 ms, found 1 plugins.
Preloading 0 native plugins for Editor in 0.00 ms.
Unloading 10 Unused Serialized files (Serialized files now loaded: 0)
System memory in use before: 52.1 MB.
System memory in use after: 52.1 MB.

Unloading 10 unused Assets to reduce memory usage. Loaded Objects now: 2298.
Total: 5.544400 ms (FindLiveObjects: 0.490500 ms CreateObjectMapping: 0.265800 ms MarkObjects: 4.583400 ms  DeleteObjects: 0.201700 ms)

========================================================================
Received Import Request.
  Time since last request: 1268.717974 seconds.
  path: Assets/Material/Debri_Shader.shader
  artifactKey: Guid(35078d85e87d22a4a8e6f790821619a2) Importer(815301076,1909f56bfc062723c751e8b465ee728b)
Start importing Assets/Material/Debri_Shader.shader using Guid(35078d85e87d22a4a8e6f790821619a2) Importer(815301076,1909f56bfc062723c751e8b465ee728b)  -> (artifact id: '50a6f969cdc8322f6c4946c5447e7f98') in 0.250735 seconds
  Import took 0.263826 seconds .

========================================================================
Received Import Request.
  Time since last request: 2065.638386 seconds.
  path: Assets/Script/Debri.cs
  artifactKey: Guid(049ecb3a0b5d851479672f0393b2af07) Importer(815301076,1909f56bfc062723c751e8b465ee728b)
Start importing Assets/Script/Debri.cs using Guid(049ecb3a0b5d851479672f0393b2af07) Importer(815301076,1909f56bfc062723c751e8b465ee728b)  -> (artifact id: 'd655ee68a459f0ef366cf09c742f7c16') in 0.017295 seconds
  Import took 0.024434 seconds .

========================================================================
Received Prepare
Registering precompiled user dll's ...
Registered in 0.006516 seconds.
Begin MonoManager ReloadAssembly
Native extension for WindowsStandalone target not found
Refreshing native plugins compatible for Editor in 0.39 ms, found 1 plugins.
Preloading 0 native plugins for Editor in 0.00 ms.
Mono: successfully reloaded assembly
- Completed reload, in  1.460 seconds
Platform modules already initialized, skipping
Refreshing native plugins compatible for Editor in 0.75 ms, found 1 plugins.
Preloading 0 native plugins for Editor in 0.00 ms.
Unloading 1829 Unused Serialized files (Serialized files now loaded: 0)
System memory in use before: 88.1 MB.
System memory in use after: 88.1 MB.

Unloading 12 unused Assets to reduce memory usage. Loaded Objects now: 2303.
Total: 3.557600 ms (FindLiveObjects: 0.398800 ms CreateObjectMapping: 0.209600 ms MarkObjects: 2.797800 ms  DeleteObjects: 0.148900 ms)

========================================================================
Received Prepare
Registering precompiled user dll's ...
Registered in 0.004151 seconds.
Begin MonoManager ReloadAssembly
Native extension for WindowsStandalone target not found
Refreshing native plugins compatible for Editor in 0.91 ms, found 1 plugins.
Preloading 0 native plugins for Editor in 0.00 ms.
Mono: successfully reloaded assembly
- Completed reload, in  2.076 seconds
Platform modules already initialized, skipping
Refreshing native plugins compatible for Editor in 0.61 ms, found 1 plugins.
Preloading 0 native plugins for Editor in 0.00 ms.
Unloading 1829 Unused Serialized files (Serialized files now loaded: 0)
System memory in use before: 88.1 MB.
System memory in use after: 88.1 MB.

Unloading 12 unused Assets to reduce memory usage. Loaded Objects now: 2307.
Total: 3.977900 ms (FindLiveObjects: 0.408800 ms CreateObjectMapping: 0.181900 ms MarkObjects: 2.991800 ms  DeleteObjects: 0.393400 ms)

========================================================================
Received Prepare
Registering precompiled user dll's ...
Registered in 0.003033 seconds.
Begin MonoManager ReloadAssembly
Native extension for WindowsStandalone target not found
Refreshing native plugins compatible for Editor in 0.41 ms, found 1 plugins.
Preloading 0 native plugins for Editor in 0.00 ms.
Mono: successfully reloaded assembly
- Completed reload, in  1.589 seconds
Platform modules already initialized, skipping
Refreshing native plugins compatible for Editor in 0.40 ms, found 1 plugins.
Preloading 0 native plugins for Editor in 0.00 ms.
Unloading 1829 Unused Serialized files (Serialized files now loaded: 0)
System memory in use before: 88.2 MB.
System memory in use after: 88.1 MB.

Unloading 12 unused Assets to reduce memory usage. Loaded Objects now: 2311.
Total: 22.991200 ms (FindLiveObjects: 0.404600 ms CreateObjectMapping: 0.174300 ms MarkObjects: 22.169400 ms  DeleteObjects: 0.240400 ms)

========================================================================
Received Prepare
Registering precompiled user dll's ...
Registered in 0.003495 seconds.
Begin MonoManager ReloadAssembly
Native extension for WindowsStandalone target not found
Refreshing native plugins compatible for Editor in 0.46 ms, found 1 plugins.
Preloading 0 native plugins for Editor in 0.00 ms.
Mono: successfully reloaded assembly
- Completed reload, in  1.850 seconds
Platform modules already initialized, skipping
Refreshing native plugins compatible for Editor in 0.55 ms, found 1 plugins.
Preloading 0 native plugins for Editor in 0.00 ms.
Unloading 1829 Unused Serialized files (Serialized files now loaded: 0)
System memory in use before: 88.2 MB.
System memory in use after: 88.1 MB.

Unloading 12 unused Assets to reduce memory usage. Loaded Objects now: 2315.
Total: 2.859200 ms (FindLiveObjects: 0.359300 ms CreateObjectMapping: 0.097500 ms MarkObjects: 2.234800 ms  DeleteObjects: 0.165000 ms)

========================================================================
Received Prepare
Registering precompiled user dll's ...
Registered in 0.003391 seconds.
Begin MonoManager ReloadAssembly
Native extension for WindowsStandalone target not found
Refreshing native plugins compatible for Editor in 0.55 ms, found 1 plugins.
Preloading 0 native plugins for Editor in 0.00 ms.
Mono: successfully reloaded assembly
- Completed reload, in  1.678 seconds
Platform modules already initialized, skipping
Refreshing native plugins compatible for Editor in 0.59 ms, found 1 plugins.
Preloading 0 native plugins for Editor in 0.00 ms.
Unloading 1829 Unused Serialized files (Serialized files now loaded: 0)
System memory in use before: 88.2 MB.
System memory in use after: 88.1 MB.

Unloading 12 unused Assets to reduce memory usage. Loaded Objects now: 2319.
Total: 4.553200 ms (FindLiveObjects: 0.489500 ms CreateObjectMapping: 0.239800 ms MarkObjects: 3.525100 ms  DeleteObjects: 0.295200 ms)

========================================================================
Received Prepare
Registering precompiled user dll's ...
Registered in 0.002800 seconds.
Begin MonoManager ReloadAssembly
Native extension for WindowsStandalone target not found
Refreshing native plugins compatible for Editor in 0.40 ms, found 1 plugins.
Preloading 0 native plugins for Editor in 0.00 ms.
Mono: successfully reloaded assembly
- Completed reload, in  1.832 seconds
Platform modules already initialized, skipping
Refreshing native plugins compatible for Editor in 0.42 ms, found 1 plugins.
Preloading 0 native plugins for Editor in 0.00 ms.
Unloading 1829 Unused Serialized files (Serialized files now loaded: 0)
System memory in use before: 88.2 MB.
System memory in use after: 88.2 MB.

Unloading 12 unused Assets to reduce memory usage. Loaded Objects now: 2323.
Total: 4.148800 ms (FindLiveObjects: 0.656300 ms CreateObjectMapping: 0.199900 ms MarkObjects: 3.150900 ms  DeleteObjects: 0.139200 ms)

========================================================================
Received Prepare
Registering precompiled user dll's ...
Registered in 0.002754 seconds.
Begin MonoManager ReloadAssembly
Native extension for WindowsStandalone target not found
Refreshing native plugins compatible for Editor in 0.46 ms, found 1 plugins.
Preloading 0 native plugins for Editor in 0.00 ms.
Mono: successfully reloaded assembly
- Completed reload, in  1.872 seconds
Platform modules already initialized, skipping
Refreshing native plugins compatible for Editor in 0.53 ms, found 1 plugins.
Preloading 0 native plugins for Editor in 0.00 ms.
Unloading 1829 Unused Serialized files (Serialized files now loaded: 0)
System memory in use before: 88.2 MB.
System memory in use after: 88.2 MB.

Unloading 12 unused Assets to reduce memory usage. Loaded Objects now: 2327.
Total: 4.728800 ms (FindLiveObjects: 0.270200 ms CreateObjectMapping: 0.093100 ms MarkObjects: 4.023300 ms  DeleteObjects: 0.339700 ms)

========================================================================
Received Import Request.
  Time since last request: 1637.138510 seconds.
  path: ProjectSettings/TagManager.asset
  artifactKey: Guid(00000000000000003000000000000000) Importer(815301076,1909f56bfc062723c751e8b465ee728b)
Start importing ProjectSettings/TagManager.asset using Guid(00000000000000003000000000000000) Importer(815301076,1909f56bfc062723c751e8b465ee728b)  -> (artifact id: 'fa413b06329cbae124052f71e35b8707') in 0.059013 seconds
  Import took 0.101478 seconds .

========================================================================
Received Prepare
Registering precompiled user dll's ...
Registered in 0.001707 seconds.
Begin MonoManager ReloadAssembly
Native extension for WindowsStandalone target not found
Refreshing native plugins compatible for Editor in 0.37 ms, found 1 plugins.
Preloading 0 native plugins for Editor in 0.00 ms.
Mono: successfully reloaded assembly
- Completed reload, in  1.400 seconds
Platform modules already initialized, skipping
Refreshing native plugins compatible for Editor in 0.40 ms, found 1 plugins.
Preloading 0 native plugins for Editor in 0.00 ms.
Unloading 1829 Unused Serialized files (Serialized files now loaded: 0)
System memory in use before: 88.2 MB.
System memory in use after: 88.2 MB.

Unloading 13 unused Assets to reduce memory usage. Loaded Objects now: 2331.
Total: 3.947400 ms (FindLiveObjects: 0.489700 ms CreateObjectMapping: 0.205200 ms MarkObjects: 2.977200 ms  DeleteObjects: 0.272900 ms)

========================================================================
Received Prepare
Registering precompiled user dll's ...
Registered in 0.002765 seconds.
Begin MonoManager ReloadAssembly
Native extension for WindowsStandalone target not found
Refreshing native plugins compatible for Editor in 0.51 ms, found 1 plugins.
Preloading 0 native plugins for Editor in 0.00 ms.
Mono: successfully reloaded assembly
- Completed reload, in  1.677 seconds
Platform modules already initialized, skipping
Refreshing native plugins compatible for Editor in 0.53 ms, found 1 plugins.
Preloading 0 native plugins for Editor in 0.00 ms.
Unloading 1829 Unused Serialized files (Serialized files now loaded: 0)
System memory in use before: 88.2 MB.
System memory in use after: 88.2 MB.

Unloading 12 unused Assets to reduce memory usage. Loaded Objects now: 2335.
Total: 2.544600 ms (FindLiveObjects: 0.348700 ms CreateObjectMapping: 0.115700 ms MarkObjects: 1.949400 ms  DeleteObjects: 0.129200 ms)

========================================================================
Received Prepare
Registering precompiled user dll's ...
Registered in 0.001736 seconds.
Begin MonoManager ReloadAssembly
Native extension for WindowsStandalone target not found
Refreshing native plugins compatible for Editor in 1.18 ms, found 1 plugins.
Preloading 0 native plugins for Editor in 0.00 ms.
Mono: successfully reloaded assembly
- Completed reload, in  1.394 seconds
Platform modules already initialized, skipping
Refreshing native plugins compatible for Editor in 0.38 ms, found 1 plugins.
Preloading 0 native plugins for Editor in 0.00 ms.
Unloading 1829 Unused Serialized files (Serialized files now loaded: 0)
System memory in use before: 88.2 MB.
System memory in use after: 88.2 MB.

Unloading 12 unused Assets to reduce memory usage. Loaded Objects now: 2339.
Total: 4.023500 ms (FindLiveObjects: 0.466300 ms CreateObjectMapping: 0.231700 ms MarkObjects: 2.987500 ms  DeleteObjects: 0.335000 ms)

========================================================================
Received Prepare
Registering precompiled user dll's ...
Registered in 0.003994 seconds.
Begin MonoManager ReloadAssembly
Native extension for WindowsStandalone target not found
Refreshing native plugins compatible for Editor in 0.52 ms, found 1 plugins.
Preloading 0 native plugins for Editor in 0.00 ms.
Mono: successfully reloaded assembly
- Completed reload, in  2.186 seconds
Platform modules already initialized, skipping
Refreshing native plugins compatible for Editor in 0.78 ms, found 1 plugins.
Preloading 0 native plugins for Editor in 0.00 ms.
Unloading 1829 Unused Serialized files (Serialized files now loaded: 0)
System memory in use before: 88.2 MB.
System memory in use after: 88.2 MB.

Unloading 12 unused Assets to reduce memory usage. Loaded Objects now: 2343.
Total: 3.792000 ms (FindLiveObjects: 0.541800 ms CreateObjectMapping: 0.214100 ms MarkObjects: 2.904400 ms  DeleteObjects: 0.129300 ms)

========================================================================
Received Prepare
Registering precompiled user dll's ...
Registered in 0.004024 seconds.
Begin MonoManager ReloadAssembly
Native extension for WindowsStandalone target not found
Refreshing native plugins compatible for Editor in 0.41 ms, found 1 plugins.
Preloading 0 native plugins for Editor in 0.00 ms.
Mono: successfully reloaded assembly
- Completed reload, in  1.963 seconds
Platform modules already initialized, skipping
Refreshing native plugins compatible for Editor in 0.41 ms, found 1 plugins.
Preloading 0 native plugins for Editor in 0.00 ms.
Unloading 1829 Unused Serialized files (Serialized files now loaded: 0)
System memory in use before: 88.2 MB.
System memory in use after: 88.2 MB.

Unloading 12 unused Assets to reduce memory usage. Loaded Objects now: 2347.
Total: 3.435800 ms (FindLiveObjects: 0.367400 ms CreateObjectMapping: 0.134300 ms MarkObjects: 2.687600 ms  DeleteObjects: 0.243800 ms)

========================================================================
Received Prepare
Refreshing native plugins compatible for Editor in 8.15 ms, found 1 plugins.
Preloading 0 native plugins for Editor in 0.00 ms.
Unloading 10 Unused Serialized files (Serialized files now loaded: 0)
System memory in use before: 52.3 MB.
System memory in use after: 52.2 MB.

Unloading 10 unused Assets to reduce memory usage. Loaded Objects now: 2347.
Total: 3.959400 ms (FindLiveObjects: 0.616100 ms CreateObjectMapping: 0.238200 ms MarkObjects: 2.947700 ms  DeleteObjects: 0.154100 ms)

AssetImportWorkerClient::OnTransportError - code=2 error=End of file
